<?xml version="1.0" encoding="UTF-8"?>
<testsuite xmlns:xsi="http://www.w3.org/2001/XMLSchema-instance" xsi:noNamespaceSchemaLocation="https://maven.apache.org/surefire/maven-surefire-plugin/xsd/surefire-test-report-3.0.xsd" version="3.0" name="com.itechgenie.apps.apidocs.ITGApiDocsApplicationTest" time="5.075" tests="1" errors="0" skipped="0" failures="0">
  <properties>
[...]
</properties>
  <testcase name="contextLoads" classname="com.itechgenie.apps.apidocs.ITGApiDocsApplicationTest" time="1.087">
    <system-out><![CDATA[22:04:07.414 [main] INFO org.springframework.test.context.support.AnnotationConfigContextLoaderUtils -- Could not detect default configuration classes for test class [com.itechgenie.apps.apidocs.ITGApiDocsApplicationTest]: ITGApiDocsApplicationTest does not declare any static, non-private, non-final, nested classes annotated with @Configuration.
22:04:07.491 [main] INFO org.springframework.boot.test.context.SpringBootTestContextBootstrapper -- Found @SpringBootConfiguration com.itechgenie.apps.apidocs.ITGApiDocsApplication for test class com.itechgenie.apps.apidocs.ITGApiDocsApplicationTest
22:04:07.621 [main] INFO org.springframework.boot.devtools.restart.RestartApplicationListener -- Restart disabled due to context in which it is running

  .   ____          _            __ _ _
 /\\ / ___'_ __ _ _(_)_ __  __ _ \ \ \ \
( ( )\___ | '_ | '_| | '_ \/ _` | \ \ \ \
 \\/  ___)| |_)| | | | | || (_| |  ) ) ) )
  '  |____| .__|_| |_|_| |_\__, | / / / /
 =========|_|==============|___/=/_/_/_/

 :: Spring Boot ::                (v3.3.4)

2024-11-01T22:04:07.858+05:30  INFO 34968 --- [swagger-elastic] [           main] [                                                 ] c.i.a.apidocs.ITGApiDocsApplicationTest  : Starting ITGApiDocsApplicationTest using Java 21.0.4 with PID 34968 (started by praka in D:\Projects\WSJdk\ITGApiDocsSpring)
2024-11-01T22:04:07.859+05:30  INFO 34968 --- [swagger-elastic] [           main] [                                                 ] c.i.a.apidocs.ITGApiDocsApplicationTest  : No active profile set, falling back to 1 default profile: "default"
2024-11-01T22:04:08.973+05:30  INFO 34968 --- [swagger-elastic] [           main] [                                                 ] .s.d.r.c.RepositoryConfigurationDelegate : Bootstrapping Spring Data Elasticsearch repositories in DEFAULT mode.
2024-11-01T22:04:08.990+05:30  INFO 34968 --- [swagger-elastic] [           main] [                                                 ] .s.d.r.c.RepositoryConfigurationDelegate : Finished Spring Data repository scanning in 12 ms. Found 0 Elasticsearch repository interfaces.
2024-11-01T22:04:09.286+05:30  WARN 34968 --- [swagger-elastic] [           main] [                                                 ] trationDelegate$BeanPostProcessorChecker : Bean 'SQLiteConfig' of type [com.itechgenie.apps.apidocs.configs.SQLiteConfig$$SpringCGLIB$$0] is not eligible for getting processed by all BeanPostProcessors (for example: not eligible for auto-proxying). Is this bean getting eagerly injected into a currently created BeanPostProcessor [jobRegistryBeanPostProcessor]? Check the corresponding BeanPostProcessor declaration and its dependencies.
2024-11-01T22:04:09.295+05:30  WARN 34968 --- [swagger-elastic] [           main] [                                                 ] trationDelegate$BeanPostProcessorChecker : Bean 'dataSource' of type [org.springframework.jdbc.datasource.DriverManagerDataSource] is not eligible for getting processed by all BeanPostProcessors (for example: not eligible for auto-proxying). Is this bean getting eagerly injected into a currently created BeanPostProcessor [jobRegistryBeanPostProcessor]? Check the corresponding BeanPostProcessor declaration and its dependencies.
2024-11-01T22:04:09.298+05:30  WARN 34968 --- [swagger-elastic] [           main] [                                                 ] trationDelegate$BeanPostProcessorChecker : Bean 'org.springframework.boot.autoconfigure.jdbc.DataSourceTransactionManagerAutoConfiguration$JdbcTransactionManagerConfiguration' of type [org.springframework.boot.autoconfigure.jdbc.DataSourceTransactionManagerAutoConfiguration$JdbcTransactionManagerConfiguration] is not eligible for getting processed by all BeanPostProcessors (for example: not eligible for auto-proxying). Is this bean getting eagerly injected into a currently created BeanPostProcessor [jobRegistryBeanPostProcessor]? Check the corresponding BeanPostProcessor declaration and its dependencies.
2024-11-01T22:04:09.305+05:30  WARN 34968 --- [swagger-elastic] [           main] [                                                 ] trationDelegate$BeanPostProcessorChecker : Bean 'org.springframework.boot.autoconfigure.transaction.TransactionManagerCustomizationAutoConfiguration' of type [org.springframework.boot.autoconfigure.transaction.TransactionManagerCustomizationAutoConfiguration] is not eligible for getting processed by all BeanPostProcessors (for example: not eligible for auto-proxying). Is this bean getting eagerly injected into a currently created BeanPostProcessor [jobRegistryBeanPostProcessor]? Check the corresponding BeanPostProcessor declaration and its dependencies.
2024-11-01T22:04:09.317+05:30  WARN 34968 --- [swagger-elastic] [           main] [                                                 ] trationDelegate$BeanPostProcessorChecker : Bean 'transactionExecutionListeners' of type [org.springframework.boot.autoconfigure.transaction.ExecutionListenersTransactionManagerCustomizer] is not eligible for getting processed by all BeanPostProcessors (for example: not eligible for auto-proxying). Is this bean getting eagerly injected into a currently created BeanPostProcessor [jobRegistryBeanPostProcessor]? Check the corresponding BeanPostProcessor declaration and its dependencies.
2024-11-01T22:04:09.343+05:30  WARN 34968 --- [swagger-elastic] [           main] [                                                 ] trationDelegate$BeanPostProcessorChecker : Bean 'spring.transaction-org.springframework.boot.autoconfigure.transaction.TransactionProperties' of type [org.springframework.boot.autoconfigure.transaction.TransactionProperties] is not eligible for getting processed by all BeanPostProcessors (for example: not eligible for auto-proxying). Is this bean getting eagerly injected into a currently created BeanPostProcessor [jobRegistryBeanPostProcessor]? Check the corresponding BeanPostProcessor declaration and its dependencies.
2024-11-01T22:04:09.345+05:30  WARN 34968 --- [swagger-elastic] [           main] [                                                 ] trationDelegate$BeanPostProcessorChecker : Bean 'platformTransactionManagerCustomizers' of type [org.springframework.boot.autoconfigure.transaction.TransactionManagerCustomizers] is not eligible for getting processed by all BeanPostProcessors (for example: not eligible for auto-proxying). Is this bean getting eagerly injected into a currently created BeanPostProcessor [jobRegistryBeanPostProcessor]? Check the corresponding BeanPostProcessor declaration and its dependencies.
2024-11-01T22:04:09.353+05:30  WARN 34968 --- [swagger-elastic] [           main] [                                                 ] trationDelegate$BeanPostProcessorChecker : Bean 'transactionManager' of type [org.springframework.jdbc.support.JdbcTransactionManager] is not eligible for getting processed by all BeanPostProcessors (for example: not eligible for auto-proxying). Is this bean getting eagerly injected into a currently created BeanPostProcessor [jobRegistryBeanPostProcessor]? Check the corresponding BeanPostProcessor declaration and its dependencies.
2024-11-01T22:04:09.360+05:30  WARN 34968 --- [swagger-elastic] [           main] [                                                 ] trationDelegate$BeanPostProcessorChecker : Bean 'spring.batch-org.springframework.boot.autoconfigure.batch.BatchProperties' of type [org.springframework.boot.autoconfigure.batch.BatchProperties] is not eligible for getting processed by all BeanPostProcessors (for example: not eligible for auto-proxying). Is this bean getting eagerly injected into a currently created BeanPostProcessor [jobRegistryBeanPostProcessor]? Check the corresponding BeanPostProcessor declaration and its dependencies.
2024-11-01T22:04:09.373+05:30  WARN 34968 --- [swagger-elastic] [           main] [                                                 ] trationDelegate$BeanPostProcessorChecker : Bean 'org.springframework.boot.autoconfigure.batch.BatchAutoConfiguration$SpringBootBatchConfiguration' of type [org.springframework.boot.autoconfigure.batch.BatchAutoConfiguration$SpringBootBatchConfiguration] is not eligible for getting processed by all BeanPostProcessors (for example: not eligible for auto-proxying). The currently created BeanPostProcessor [jobRegistryBeanPostProcessor] is declared through a non-static factory method on that class; consider declaring it as static instead.
FTS5 virtual table 'swaggerDocs' created.
2024-11-01T22:04:09.897+05:30  INFO 34968 --- [swagger-elastic] [           main] [                                                 ] o.s.b.a.w.s.WelcomePageHandlerMapping    : Adding welcome page: class path resource [static/index.html]
2024-11-01T22:04:11.059+05:30  INFO 34968 --- [swagger-elastic] [           main] [                                                 ] o.s.b.a.e.web.EndpointLinksResolver      : Exposing 1 endpoint beneath base path '/actuator'
2024-11-01T22:04:11.132+05:30  INFO 34968 --- [swagger-elastic] [           main] [                                                 ] c.i.a.apidocs.ITGApiDocsApplicationTest  : Started ITGApiDocsApplicationTest in 3.521 seconds (process running for 4.407)
2024-11-01T22:04:11.220+05:30  INFO 34968 --- [swagger-elastic] [           main] [                                                 ] o.s.b.a.b.JobLauncherApplicationRunner   : Running default command line with: []
]]></system-out>
    <system-err><![CDATA[WARNING: A Java agent has been loaded dynamically (D:\MVN_REPO\net\bytebuddy\byte-buddy-agent\1.14.19\byte-buddy-agent-1.14.19.jar)
WARNING: If a serviceability tool is in use, please run with -XX:+EnableDynamicAgentLoading to hide this warning
WARNING: If a serviceability tool is not in use, please run with -Djdk.instrument.traceUsage for more information
WARNING: Dynamic loading of agents will be disallowed by default in a future release
]]></system-err>
  </testcase>
</testsuite>